<?xml version="1.0" encoding="UTF-8"?>
<!-- Generated by org.testng.reporters.JUnitReportReporter -->
<testsuite hostname="DESKTOP-CSD1VKH" failures="0" tests="1" name="upStoxTest.UpStoxTestValidateUserId" time="13.279" errors="0" timestamp="2022-11-23T00:23:04 IST" skipped="0">
  <testcase classname="upStoxTest.UpStoxTestValidateUserId" name="validatUserId" time="13.279"/>
  <system-out>
    <![CDATA[Validate user name and take screen shot]]>
  </system-out>
</testsuite> <!-- upStoxTest.UpStoxTestValidateUserId -->
